Sawasdee! your are running your first job on a Hadoop cluster.
16/04/11 05:03:47 INFO client.RMProxy: Connecting to ResourceManager at cluster-1-m/10.132.0.2:8032
16/04/11 05:03:48 WARN mapreduce.JobResourceUploader: Hadoop command-line option parsing not performed. Implement the Tool interface and execute your application with ToolRunner to remedy this.
16/04/11 05:03:48 INFO input.FileInputFormat: Total input paths to process : 1
16/04/11 05:03:48 INFO mapreduce.JobSubmitter: number of splits:1
16/04/11 05:03:48 INFO mapreduce.JobSubmitter: Submitting tokens for job: job_1459750468150_0160
16/04/11 05:03:49 INFO impl.YarnClientImpl: Submitted application application_1459750468150_0160
16/04/11 05:03:49 INFO mapreduce.Job: The url to track the job: http://cluster-1-m:8088/proxy/application_1459750468150_0160/
16/04/11 05:03:49 INFO mapreduce.Job: Running job: job_1459750468150_0160
16/04/11 05:03:58 INFO mapreduce.Job: Job job_1459750468150_0160 running in uber mode : false
16/04/11 05:03:58 INFO mapreduce.Job:  map 0% reduce 0%
16/04/11 05:04:11 INFO mapreduce.Job:  map 41% reduce 0%
16/04/11 05:04:14 INFO mapreduce.Job:  map 49% reduce 0%
16/04/11 05:04:20 INFO mapreduce.Job:  map 55% reduce 0%
16/04/11 05:04:23 INFO mapreduce.Job:  map 67% reduce 0%
16/04/11 05:04:26 INFO mapreduce.Job:  map 70% reduce 0%
16/04/11 05:04:29 INFO mapreduce.Job:  map 97% reduce 0%
16/04/11 05:04:30 INFO mapreduce.Job:  map 100% reduce 0%
16/04/11 05:04:39 INFO mapreduce.Job:  map 100% reduce 13%
16/04/11 05:04:47 INFO mapreduce.Job:  map 100% reduce 25%
16/04/11 05:04:55 INFO mapreduce.Job:  map 100% reduce 38%
16/04/11 05:05:04 INFO mapreduce.Job:  map 100% reduce 50%
16/04/11 05:05:13 INFO mapreduce.Job:  map 100% reduce 63%
16/04/11 05:05:21 INFO mapreduce.Job:  map 100% reduce 75%
16/04/11 05:05:29 INFO mapreduce.Job:  map 100% reduce 88%
16/04/11 05:05:37 INFO mapreduce.Job:  map 100% reduce 100%
16/04/11 05:05:38 INFO mapreduce.Job: Job job_1459750468150_0160 completed successfully
16/04/11 05:05:38 INFO mapreduce.Job: Counters: 50
	File System Counters
		FILE: Number of bytes read=131606916
		FILE: Number of bytes written=198458986
		FILE: Number of read operations=0
		FILE: Number of large read operations=0
		FILE: Number of write operations=0
		HDFS: Number of bytes read=75380041
		HDFS: Number of bytes written=6468654
		HDFS: Number of read operations=43
		HDFS: Number of large read operations=0
		HDFS: Number of write operations=16
	Job Counters 
		Killed reduce tasks=1
		Launched map tasks=1
		Launched reduce tasks=8
		Data-local map tasks=1
		Total time spent by all maps in occupied slots (ms)=349968
		Total time spent by all reduces in occupied slots (ms)=642516
		Total time spent by all map tasks (ms)=29164
		Total time spent by all reduce tasks (ms)=53543
		Total vcore-milliseconds taken by all map tasks=29164
		Total vcore-milliseconds taken by all reduce tasks=53543
		Total megabyte-milliseconds taken by all map tasks=89591808
		Total megabyte-milliseconds taken by all reduce tasks=164484096
	Map-Reduce Framework
		Map input records=5105039
		Map output records=5105039
		Map output bytes=55579962
		Map output materialized bytes=65790088
		Input split bytes=115
		Combine input records=0
		Combine output records=0
		Reduce input groups=714545
		Reduce shuffle bytes=65790088
		Reduce input records=5105039
		Reduce output records=714545
		Spilled Records=15315117
		Shuffled Maps =8
		Failed Shuffles=0
		Merged Map outputs=8
		GC time elapsed (ms)=1399
		CPU time spent (ms)=42410
		Physical memory (bytes) snapshot=1201410048
		Virtual memory (bytes) snapshot=38427037696
		Total committed heap usage (bytes)=634523648
	Shuffle Errors
		BAD_ID=0
		CONNECTION=0
		IO_ERROR=0
		WRONG_LENGTH=0
		WRONG_MAP=0
		WRONG_REDUCE=0
	File Input Format Counters 
		Bytes Read=75379926
	File Output Format Counters 
		Bytes Written=6468654

real	1m53.983s
user	0m5.144s
sys	0m0.224s