============ Job 1 ==============
16/04/10 10:04:05 INFO client.RMProxy: Connecting to ResourceManager at cluster-1-m/10.132.0.2:8032
16/04/10 10:04:05 WARN mapreduce.JobResourceUploader: Hadoop command-line option parsing not performed. Implement the Tool interface and execute your application with ToolRunner to remedy this.
16/04/10 10:04:06 INFO input.FileInputFormat: Total input paths to process : 1
16/04/10 10:04:06 INFO mapreduce.JobSubmitter: number of splits:1
16/04/10 10:04:06 INFO mapreduce.JobSubmitter: Submitting tokens for job: job_1459750468150_0131
16/04/10 10:04:06 INFO impl.YarnClientImpl: Submitted application application_1459750468150_0131
16/04/10 10:04:06 INFO mapreduce.Job: The url to track the job: http://cluster-1-m:8088/proxy/application_1459750468150_0131/
16/04/10 10:04:06 INFO mapreduce.Job: Running job: job_1459750468150_0131
16/04/10 10:04:17 INFO mapreduce.Job: Job job_1459750468150_0131 running in uber mode : false
16/04/10 10:04:17 INFO mapreduce.Job:  map 0% reduce 0%
16/04/10 10:04:30 INFO mapreduce.Job:  map 22% reduce 0%
16/04/10 10:04:36 INFO mapreduce.Job:  map 33% reduce 0%
16/04/10 10:04:39 INFO mapreduce.Job:  map 40% reduce 0%
16/04/10 10:04:45 INFO mapreduce.Job:  map 49% reduce 0%
16/04/10 10:04:48 INFO mapreduce.Job:  map 59% reduce 0%
16/04/10 10:04:54 INFO mapreduce.Job:  map 67% reduce 0%
16/04/10 10:05:00 INFO mapreduce.Job:  map 77% reduce 0%
16/04/10 10:05:03 INFO mapreduce.Job:  map 91% reduce 0%
16/04/10 10:05:05 INFO mapreduce.Job:  map 100% reduce 0%
16/04/10 10:05:16 INFO mapreduce.Job:  map 100% reduce 13%
16/04/10 10:05:26 INFO mapreduce.Job:  map 100% reduce 25%
16/04/10 10:05:37 INFO mapreduce.Job:  map 100% reduce 38%
16/04/10 10:05:48 INFO mapreduce.Job:  map 100% reduce 50%
16/04/10 10:05:58 INFO mapreduce.Job:  map 100% reduce 63%
16/04/10 10:06:08 INFO mapreduce.Job:  map 100% reduce 75%
16/04/10 10:06:19 INFO mapreduce.Job:  map 100% reduce 88%
16/04/10 10:06:29 INFO mapreduce.Job:  map 100% reduce 100%
16/04/10 10:06:29 INFO mapreduce.Job: Job job_1459750468150_0131 completed successfully
16/04/10 10:06:29 INFO mapreduce.Job: Counters: 50
	File System Counters
		FILE: Number of bytes read=332198275
		FILE: Number of bytes written=499313716
		FILE: Number of read operations=0
		FILE: Number of large read operations=0
		FILE: Number of write operations=0
		HDFS: Number of bytes read=75380041
		HDFS: Number of bytes written=87428970
		HDFS: Number of read operations=43
		HDFS: Number of large read operations=0
		HDFS: Number of write operations=16
	Job Counters 
		Killed reduce tasks=1
		Launched map tasks=1
		Launched reduce tasks=8
		Data-local map tasks=1
		Total time spent by all maps in occupied slots (ms)=552528
		Total time spent by all reduces in occupied slots (ms)=850140
		Total time spent by all map tasks (ms)=46044
		Total time spent by all reduce tasks (ms)=70845
		Total vcore-milliseconds taken by all map tasks=46044
		Total vcore-milliseconds taken by all reduce tasks=70845
		Total megabyte-milliseconds taken by all map tasks=141447168
		Total megabyte-milliseconds taken by all reduce tasks=217635840
	Map-Reduce Framework
		Map input records=5105039
		Map output records=10210078
		Map output bytes=145654813
		Map output materialized bytes=166075017
		Input split bytes=115
		Combine input records=0
		Combine output records=0
		Reduce input groups=875713
		Reduce shuffle bytes=166075017
		Reduce input records=10210078
		Reduce output records=875713
		Spilled Records=30630234
		Shuffled Maps =8
		Failed Shuffles=0
		Merged Map outputs=8
		GC time elapsed (ms)=2886
		CPU time spent (ms)=72360
		Physical memory (bytes) snapshot=1335922688
		Virtual memory (bytes) snapshot=38422102016
		Total committed heap usage (bytes)=634523648
	Shuffle Errors
		BAD_ID=0
		CONNECTION=0
		IO_ERROR=0
		WRONG_LENGTH=0
		WRONG_MAP=0
		WRONG_REDUCE=0
	File Input Format Counters 
		Bytes Read=75379926
	File Output Format Counters 
		Bytes Written=87428970
============ Job 2 ==============
16/04/10 10:06:29 INFO client.RMProxy: Connecting to ResourceManager at cluster-1-m/10.132.0.2:8032
16/04/10 10:06:29 WARN mapreduce.JobResourceUploader: Hadoop command-line option parsing not performed. Implement the Tool interface and execute your application with ToolRunner to remedy this.
16/04/10 10:06:29 INFO input.FileInputFormat: Total input paths to process : 8
16/04/10 10:06:29 INFO mapreduce.JobSubmitter: number of splits:8
16/04/10 10:06:29 INFO mapreduce.JobSubmitter: Submitting tokens for job: job_1459750468150_0132
16/04/10 10:06:29 INFO impl.YarnClientImpl: Submitted application application_1459750468150_0132
16/04/10 10:06:29 INFO mapreduce.Job: The url to track the job: http://cluster-1-m:8088/proxy/application_1459750468150_0132/
16/04/10 10:06:29 INFO mapreduce.Job: Running job: job_1459750468150_0132
16/04/10 10:06:43 INFO mapreduce.Job: Job job_1459750468150_0132 running in uber mode : false
16/04/10 10:06:43 INFO mapreduce.Job:  map 0% reduce 0%
16/04/10 10:06:54 INFO mapreduce.Job:  map 13% reduce 0%
16/04/10 10:07:05 INFO mapreduce.Job:  map 25% reduce 0%
16/04/10 10:07:17 INFO mapreduce.Job:  map 38% reduce 0%
16/04/10 10:07:28 INFO mapreduce.Job:  map 50% reduce 0%
16/04/10 10:07:39 INFO mapreduce.Job:  map 63% reduce 0%
16/04/10 10:07:50 INFO mapreduce.Job:  map 75% reduce 0%
16/04/10 10:08:01 INFO mapreduce.Job:  map 88% reduce 0%
16/04/10 10:08:11 INFO mapreduce.Job:  map 100% reduce 0%
16/04/10 10:08:23 INFO mapreduce.Job:  map 100% reduce 10%
16/04/10 10:08:26 INFO mapreduce.Job:  map 100% reduce 13%
16/04/10 10:08:38 INFO mapreduce.Job:  map 100% reduce 24%
16/04/10 10:08:40 INFO mapreduce.Job:  map 100% reduce 25%
16/04/10 10:08:53 INFO mapreduce.Job:  map 100% reduce 36%
16/04/10 10:08:55 INFO mapreduce.Job:  map 100% reduce 38%
16/04/10 10:09:07 INFO mapreduce.Job:  map 100% reduce 48%
16/04/10 10:09:09 INFO mapreduce.Job:  map 100% reduce 50%
16/04/10 10:09:21 INFO mapreduce.Job:  map 100% reduce 62%
16/04/10 10:09:22 INFO mapreduce.Job:  map 100% reduce 63%
16/04/10 10:09:34 INFO mapreduce.Job:  map 100% reduce 73%
16/04/10 10:09:35 INFO mapreduce.Job:  map 100% reduce 75%
16/04/10 10:09:48 INFO mapreduce.Job:  map 100% reduce 85%
16/04/10 10:09:51 INFO mapreduce.Job:  map 100% reduce 88%
16/04/10 10:10:02 INFO mapreduce.Job:  map 100% reduce 99%
16/04/10 10:10:04 INFO mapreduce.Job:  map 100% reduce 100%
16/04/10 10:10:04 INFO mapreduce.Job: Job job_1459750468150_0132 completed successfully
16/04/10 10:10:04 INFO mapreduce.Job: Counters: 51
	File System Counters
		FILE: Number of bytes read=500659090
		FILE: Number of bytes written=1003255324
		FILE: Number of read operations=0
		FILE: Number of large read operations=0
		FILE: Number of write operations=0
		HDFS: Number of bytes read=87429978
		HDFS: Number of bytes written=214655520
		HDFS: Number of read operations=64
		HDFS: Number of large read operations=0
		HDFS: Number of write operations=16
	Job Counters 
		Killed map tasks=1
		Killed reduce tasks=1
		Launched map tasks=8
		Launched reduce tasks=8
		Data-local map tasks=8
		Total time spent by all maps in occupied slots (ms)=891564
		Total time spent by all reduces in occupied slots (ms)=1205136
		Total time spent by all map tasks (ms)=74297
		Total time spent by all reduce tasks (ms)=100428
		Total vcore-milliseconds taken by all map tasks=74297
		Total vcore-milliseconds taken by all reduce tasks=100428
		Total megabyte-milliseconds taken by all map tasks=228240384
		Total megabyte-milliseconds taken by all reduce tasks=308514816
	Map-Reduce Framework
		Map input records=875713
		Map output records=5105039
		Map output bytes=489258698
		Map output materialized bytes=500659426
		Input split bytes=1008
		Combine input records=0
		Combine output records=0
		Reduce input groups=739454
		Reduce shuffle bytes=500659426
		Reduce input records=5105039
		Reduce output records=739454
		Spilled Records=10210078
		Shuffled Maps =64
		Failed Shuffles=0
		Merged Map outputs=64
		GC time elapsed (ms)=4550
		CPU time spent (ms)=95810
		Physical memory (bytes) snapshot=3409395712
		Virtual memory (bytes) snapshot=68252962816
		Total committed heap usage (bytes)=2290057216
	Shuffle Errors
		BAD_ID=0
		CONNECTION=0
		IO_ERROR=0
		WRONG_LENGTH=0
		WRONG_MAP=0
		WRONG_REDUCE=0
	File Input Format Counters 
		Bytes Read=87428970
	File Output Format Counters 
		Bytes Written=214655520

real	6m3.408s
user	0m6.920s
sys	0m0.436s
