16/05/23 10:29:24 INFO pig.ExecTypeProvider: Trying ExecType : LOCAL
16/05/23 10:29:24 INFO pig.ExecTypeProvider: Trying ExecType : MAPREDUCE
16/05/23 10:29:24 INFO pig.ExecTypeProvider: Picked MAPREDUCE as the ExecType
2016-05-23 10:29:25,075 [main] INFO  org.apache.pig.Main - Apache Pig version 0.15.0 (r: unknown) compiled Feb 11 2016, 01:19:32
2016-05-23 10:29:25,075 [main] INFO  org.apache.pig.Main - Logging error messages to: /home/webapp4/hw6/pig_1463999365073.log
2016-05-23 10:29:26,262 [main] INFO  org.apache.pig.impl.util.Utils - Default bootup file /home/webapp4/.pigbootup not found
2016-05-23 10:29:26,572 [main] INFO  org.apache.hadoop.conf.Configuration.deprecation - mapred.job.tracker is deprecated. Instead, use mapreduce.jobtracker.address
2016-05-23 10:29:26,572 [main] INFO  org.apache.hadoop.conf.Configuration.deprecation - fs.default.name is deprecated. Instead, use fs.defaultFS
2016-05-23 10:29:26,572 [main] INFO  org.apache.pig.backend.hadoop.executionengine.HExecutionEngine - Connecting to hadoop file system at: hdfs://cluster-1-m:8020
2016-05-23 10:29:28,328 [main] INFO  org.apache.hadoop.conf.Configuration.deprecation - fs.default.name is deprecated. Instead, use fs.defaultFS
2016-05-23 10:29:28,594 [main] INFO  org.apache.hadoop.conf.Configuration.deprecation - fs.default.name is deprecated. Instead, use fs.defaultFS
2016-05-23 10:29:28,691 [main] INFO  org.apache.hadoop.conf.Configuration.deprecation - mapred.textoutputformat.separator is deprecated. Instead, use mapreduce.output.textoutputformat.separator
2016-05-23 10:29:28,749 [main] INFO  org.apache.pig.tools.pigstats.ScriptState - Pig features used in the script: HASH_JOIN,GROUP_BY,UNION
2016-05-23 10:29:28,831 [main] INFO  org.apache.hadoop.conf.Configuration.deprecation - fs.default.name is deprecated. Instead, use fs.defaultFS
2016-05-23 10:29:28,853 [main] INFO  org.apache.pig.data.SchemaTupleBackend - Key [pig.schematuple] was not set... will not generate code.
2016-05-23 10:29:28,930 [main] INFO  org.apache.pig.newplan.logical.optimizer.LogicalPlanOptimizer - {RULES_ENABLED=[AddForEach, ColumnMapKeyPrune, ConstantCalculator, GroupByConstParallelSetter, LimitOptimizer, LoadTypeCastInserter, MergeFilter, MergeForEach, PartitionFilterOptimizer, PredicatePushdownOptimizer, PushDownForEachFlatten, PushUpFilter, SplitFilter, StreamTypeCastInserter]}
2016-05-23 10:29:29,283 [main] INFO  org.apache.pig.backend.hadoop.executionengine.mapReduceLayer.MRCompiler - File concatenation threshold: 100 optimistic? false
2016-05-23 10:29:29,368 [main] INFO  org.apache.pig.backend.hadoop.executionengine.mapReduceLayer.MRCompiler$LastInputStreamingOptimizer - Rewrite: POPackage->POForEach to POPackage(JoinPackager)
2016-05-23 10:29:29,377 [main] INFO  org.apache.pig.backend.hadoop.executionengine.mapReduceLayer.MultiQueryOptimizer - MR plan size before optimization: 3
2016-05-23 10:29:29,377 [main] INFO  org.apache.pig.backend.hadoop.executionengine.mapReduceLayer.MultiQueryOptimizer - Merged 0 diamond splitter.
2016-05-23 10:29:29,377 [main] INFO  org.apache.pig.backend.hadoop.executionengine.mapReduceLayer.MultiQueryOptimizer - Merged 0 out of total 3 MR operators.
2016-05-23 10:29:29,378 [main] INFO  org.apache.pig.backend.hadoop.executionengine.mapReduceLayer.MultiQueryOptimizer - MR plan size after optimization: 3
2016-05-23 10:29:29,457 [main] INFO  org.apache.hadoop.conf.Configuration.deprecation - fs.default.name is deprecated. Instead, use fs.defaultFS
2016-05-23 10:29:29,536 [main] INFO  org.apache.hadoop.yarn.client.RMProxy - Connecting to ResourceManager at cluster-1-m/10.132.0.2:8032
2016-05-23 10:29:29,966 [main] INFO  org.apache.pig.tools.pigstats.mapreduce.MRScriptState - Pig script settings are added to the job
2016-05-23 10:29:29,982 [main] INFO  org.apache.hadoop.conf.Configuration.deprecation - mapred.job.reduce.markreset.buffer.percent is deprecated. Instead, use mapreduce.reduce.markreset.buffer.percent
2016-05-23 10:29:29,982 [main] INFO  org.apache.pig.backend.hadoop.executionengine.mapReduceLayer.JobControlCompiler - mapred.job.reduce.markreset.buffer.percent is not set, set to default 0.3
2016-05-23 10:29:29,983 [main] INFO  org.apache.hadoop.conf.Configuration.deprecation - mapred.output.compress is deprecated. Instead, use mapreduce.output.fileoutputformat.compress
2016-05-23 10:29:29,986 [main] INFO  org.apache.pig.backend.hadoop.executionengine.mapReduceLayer.JobControlCompiler - This job cannot be converted run in-process
2016-05-23 10:29:30,538 [main] INFO  org.apache.pig.backend.hadoop.executionengine.mapReduceLayer.JobControlCompiler - Added jar file:/usr/lib/pig/pig-0.15.0-core-h2.jar to DistributedCache through /tmp/temp-1977026718/tmp-1294009897/pig-0.15.0-core-h2.jar
2016-05-23 10:29:30,588 [main] INFO  org.apache.pig.backend.hadoop.executionengine.mapReduceLayer.JobControlCompiler - Added jar file:/usr/lib/pig/lib/automaton-1.11-8.jar to DistributedCache through /tmp/temp-1977026718/tmp530853493/automaton-1.11-8.jar
2016-05-23 10:29:30,630 [main] INFO  org.apache.pig.backend.hadoop.executionengine.mapReduceLayer.JobControlCompiler - Added jar file:/usr/lib/pig/lib/antlr-runtime-3.4.jar to DistributedCache through /tmp/temp-1977026718/tmp-1053820046/antlr-runtime-3.4.jar
2016-05-23 10:29:30,680 [main] INFO  org.apache.pig.backend.hadoop.executionengine.mapReduceLayer.JobControlCompiler - Added jar file:/usr/lib/hadoop-mapreduce/joda-time-2.9.2.jar to DistributedCache through /tmp/temp-1977026718/tmp-267272269/joda-time-2.9.2.jar
2016-05-23 10:29:30,780 [main] INFO  org.apache.pig.backend.hadoop.executionengine.mapReduceLayer.JobControlCompiler - Setting up single store job
2016-05-23 10:29:30,794 [main] INFO  org.apache.pig.data.SchemaTupleFrontend - Key [pig.schematuple] is false, will not generate code.
2016-05-23 10:29:30,794 [main] INFO  org.apache.pig.data.SchemaTupleFrontend - Starting process to move generated code to distributed cacche
2016-05-23 10:29:30,794 [main] INFO  org.apache.pig.data.SchemaTupleFrontend - Setting key [pig.schematuple.classes] with classes to deserialize []
2016-05-23 10:29:30,868 [main] INFO  org.apache.pig.backend.hadoop.executionengine.mapReduceLayer.MapReduceLauncher - 1 map-reduce job(s) waiting for submission.
2016-05-23 10:29:30,871 [main] INFO  org.apache.hadoop.conf.Configuration.deprecation - mapred.job.tracker.http.address is deprecated. Instead, use mapreduce.jobtracker.http.address
2016-05-23 10:29:30,885 [JobControl] INFO  org.apache.hadoop.yarn.client.RMProxy - Connecting to ResourceManager at cluster-1-m/10.132.0.2:8032
2016-05-23 10:29:30,981 [JobControl] INFO  org.apache.hadoop.conf.Configuration.deprecation - fs.default.name is deprecated. Instead, use fs.defaultFS
2016-05-23 10:29:31,193 [JobControl] WARN  org.apache.hadoop.mapreduce.JobResourceUploader - No job jar file set.  User classes may not be found. See Job or Job#setJar(String).
2016-05-23 10:29:31,329 [JobControl] INFO  org.apache.hadoop.mapreduce.lib.input.FileInputFormat - Total input paths to process : 1
2016-05-23 10:29:31,330 [JobControl] INFO  org.apache.pig.backend.hadoop.executionengine.util.MapRedUtil - Total input paths to process : 1
2016-05-23 10:29:31,366 [JobControl] INFO  org.apache.pig.backend.hadoop.executionengine.util.MapRedUtil - Total input paths (combined) to process : 1
2016-05-23 10:29:31,489 [JobControl] INFO  org.apache.hadoop.mapreduce.JobSubmitter - number of splits:1
2016-05-23 10:29:31,785 [JobControl] INFO  org.apache.hadoop.mapreduce.JobSubmitter - Submitting tokens for job: job_1461575288518_0120
2016-05-23 10:29:32,040 [JobControl] INFO  org.apache.hadoop.mapred.YARNRunner - Job jar is not present. Not adding any jar to the list of resources.
2016-05-23 10:29:32,186 [JobControl] INFO  org.apache.hadoop.yarn.client.api.impl.YarnClientImpl - Submitted application application_1461575288518_0120
2016-05-23 10:29:32,278 [JobControl] INFO  org.apache.hadoop.mapreduce.Job - The url to track the job: http://cluster-1-m:8088/proxy/application_1461575288518_0120/
2016-05-23 10:29:32,282 [main] INFO  org.apache.pig.backend.hadoop.executionengine.mapReduceLayer.MapReduceLauncher - HadoopJobId: job_1461575288518_0120
2016-05-23 10:29:32,282 [main] INFO  org.apache.pig.backend.hadoop.executionengine.mapReduceLayer.MapReduceLauncher - Processing aliases A
2016-05-23 10:29:32,283 [main] INFO  org.apache.pig.backend.hadoop.executionengine.mapReduceLayer.MapReduceLauncher - detailed locations: M: A[1,4],A[-1,-1] C:  R: 
2016-05-23 10:29:32,294 [main] INFO  org.apache.pig.backend.hadoop.executionengine.mapReduceLayer.MapReduceLauncher - 0% complete
2016-05-23 10:29:32,295 [main] INFO  org.apache.pig.backend.hadoop.executionengine.mapReduceLayer.MapReduceLauncher - Running jobs are [job_1461575288518_0120]
2016-05-23 10:29:56,519 [main] INFO  org.apache.pig.backend.hadoop.executionengine.mapReduceLayer.MapReduceLauncher - 7% complete
2016-05-23 10:29:56,520 [main] INFO  org.apache.pig.backend.hadoop.executionengine.mapReduceLayer.MapReduceLauncher - Running jobs are [job_1461575288518_0120]
2016-05-23 10:29:59,525 [main] INFO  org.apache.pig.backend.hadoop.executionengine.mapReduceLayer.MapReduceLauncher - 13% complete
2016-05-23 10:29:59,525 [main] INFO  org.apache.pig.backend.hadoop.executionengine.mapReduceLayer.MapReduceLauncher - Running jobs are [job_1461575288518_0120]
2016-05-23 10:30:02,536 [main] INFO  org.apache.pig.backend.hadoop.executionengine.mapReduceLayer.MapReduceLauncher - 33% complete
2016-05-23 10:30:02,548 [main] INFO  org.apache.hadoop.yarn.client.RMProxy - Connecting to ResourceManager at cluster-1-m/10.132.0.2:8032
2016-05-23 10:30:02,563 [main] INFO  org.apache.hadoop.mapred.ClientServiceDelegate - Application state is completed. FinalApplicationStatus=SUCCEEDED. Redirecting to job history server
2016-05-23 10:30:02,908 [main] INFO  org.apache.hadoop.yarn.client.RMProxy - Connecting to ResourceManager at cluster-1-m/10.132.0.2:8032
2016-05-23 10:30:02,919 [main] INFO  org.apache.hadoop.mapred.ClientServiceDelegate - Application state is completed. FinalApplicationStatus=SUCCEEDED. Redirecting to job history server
2016-05-23 10:30:03,035 [main] INFO  org.apache.hadoop.conf.Configuration.deprecation - mapred.reduce.tasks is deprecated. Instead, use mapreduce.job.reduces
2016-05-23 10:30:03,044 [main] INFO  org.apache.hadoop.yarn.client.RMProxy - Connecting to ResourceManager at cluster-1-m/10.132.0.2:8032
2016-05-23 10:30:03,049 [main] INFO  org.apache.hadoop.mapred.ClientServiceDelegate - Application state is completed. FinalApplicationStatus=SUCCEEDED. Redirecting to job history server
2016-05-23 10:30:03,177 [main] INFO  org.apache.pig.tools.pigstats.mapreduce.MRScriptState - Pig script settings are added to the job
2016-05-23 10:30:03,181 [main] INFO  org.apache.pig.backend.hadoop.executionengine.mapReduceLayer.JobControlCompiler - mapred.job.reduce.markreset.buffer.percent is not set, set to default 0.3
2016-05-23 10:30:03,182 [main] INFO  org.apache.pig.backend.hadoop.executionengine.mapReduceLayer.JobControlCompiler - Reduce phase detected, estimating # of required reducers.
2016-05-23 10:30:03,184 [main] INFO  org.apache.pig.backend.hadoop.executionengine.mapReduceLayer.JobControlCompiler - Using reducer estimator: org.apache.pig.backend.hadoop.executionengine.mapReduceLayer.InputSizeReducerEstimator
2016-05-23 10:30:03,226 [main] INFO  org.apache.pig.backend.hadoop.executionengine.mapReduceLayer.InputSizeReducerEstimator - BytesPerReducer=1000000000 maxReducers=999 totalInputFileSize=141524744
2016-05-23 10:30:03,226 [main] INFO  org.apache.pig.backend.hadoop.executionengine.mapReduceLayer.JobControlCompiler - Setting Parallelism to 1
2016-05-23 10:30:03,227 [main] INFO  org.apache.pig.backend.hadoop.executionengine.mapReduceLayer.JobControlCompiler - This job cannot be converted run in-process
2016-05-23 10:30:03,712 [main] INFO  org.apache.pig.backend.hadoop.executionengine.mapReduceLayer.JobControlCompiler - Added jar file:/usr/lib/pig/pig-0.15.0-core-h2.jar to DistributedCache through /tmp/temp-1977026718/tmp1061042138/pig-0.15.0-core-h2.jar
2016-05-23 10:30:03,751 [main] INFO  org.apache.pig.backend.hadoop.executionengine.mapReduceLayer.JobControlCompiler - Added jar file:/usr/lib/pig/lib/automaton-1.11-8.jar to DistributedCache through /tmp/temp-1977026718/tmp-913951341/automaton-1.11-8.jar
2016-05-23 10:30:03,787 [main] INFO  org.apache.pig.backend.hadoop.executionengine.mapReduceLayer.JobControlCompiler - Added jar file:/usr/lib/pig/lib/antlr-runtime-3.4.jar to DistributedCache through /tmp/temp-1977026718/tmp994403800/antlr-runtime-3.4.jar
2016-05-23 10:30:04,238 [main] INFO  org.apache.pig.backend.hadoop.executionengine.mapReduceLayer.JobControlCompiler - Added jar file:/usr/lib/hadoop-mapreduce/joda-time-2.9.2.jar to DistributedCache through /tmp/temp-1977026718/tmp-2051089112/joda-time-2.9.2.jar
2016-05-23 10:30:04,264 [main] INFO  org.apache.pig.backend.hadoop.executionengine.mapReduceLayer.JobControlCompiler - Setting up single store job
2016-05-23 10:30:04,266 [main] INFO  org.apache.pig.data.SchemaTupleFrontend - Key [pig.schematuple] is false, will not generate code.
2016-05-23 10:30:04,267 [main] INFO  org.apache.pig.data.SchemaTupleFrontend - Starting process to move generated code to distributed cacche
2016-05-23 10:30:04,267 [main] INFO  org.apache.pig.data.SchemaTupleFrontend - Setting key [pig.schematuple.classes] with classes to deserialize []
2016-05-23 10:30:04,470 [main] INFO  org.apache.pig.backend.hadoop.executionengine.mapReduceLayer.MapReduceLauncher - 1 map-reduce job(s) waiting for submission.
2016-05-23 10:30:04,474 [JobControl] INFO  org.apache.hadoop.yarn.client.RMProxy - Connecting to ResourceManager at cluster-1-m/10.132.0.2:8032
2016-05-23 10:30:04,500 [JobControl] INFO  org.apache.hadoop.conf.Configuration.deprecation - fs.default.name is deprecated. Instead, use fs.defaultFS
2016-05-23 10:30:04,509 [JobControl] WARN  org.apache.hadoop.mapreduce.JobResourceUploader - No job jar file set.  User classes may not be found. See Job or Job#setJar(String).
2016-05-23 10:30:04,582 [JobControl] INFO  org.apache.hadoop.mapreduce.lib.input.FileInputFormat - Total input paths to process : 1
2016-05-23 10:30:04,582 [JobControl] INFO  org.apache.pig.backend.hadoop.executionengine.util.MapRedUtil - Total input paths to process : 1
2016-05-23 10:30:04,582 [JobControl] INFO  org.apache.pig.backend.hadoop.executionengine.util.MapRedUtil - Total input paths (combined) to process : 1
2016-05-23 10:30:04,608 [JobControl] INFO  org.apache.hadoop.mapreduce.lib.input.FileInputFormat - Total input paths to process : 1
2016-05-23 10:30:04,609 [JobControl] INFO  org.apache.pig.backend.hadoop.executionengine.util.MapRedUtil - Total input paths to process : 1
2016-05-23 10:30:04,609 [JobControl] INFO  org.apache.pig.backend.hadoop.executionengine.util.MapRedUtil - Total input paths (combined) to process : 1
2016-05-23 10:30:04,677 [JobControl] INFO  org.apache.hadoop.mapreduce.JobSubmitter - number of splits:2
2016-05-23 10:30:04,743 [JobControl] INFO  org.apache.hadoop.mapreduce.JobSubmitter - Submitting tokens for job: job_1461575288518_0121
2016-05-23 10:30:04,749 [JobControl] INFO  org.apache.hadoop.mapred.YARNRunner - Job jar is not present. Not adding any jar to the list of resources.
2016-05-23 10:30:04,797 [JobControl] INFO  org.apache.hadoop.yarn.client.api.impl.YarnClientImpl - Submitted application application_1461575288518_0121
2016-05-23 10:30:04,805 [JobControl] INFO  org.apache.hadoop.mapreduce.Job - The url to track the job: http://cluster-1-m:8088/proxy/application_1461575288518_0121/
2016-05-23 10:30:04,973 [main] INFO  org.apache.pig.backend.hadoop.executionengine.mapReduceLayer.MapReduceLauncher - HadoopJobId: job_1461575288518_0121
2016-05-23 10:30:04,973 [main] INFO  org.apache.pig.backend.hadoop.executionengine.mapReduceLayer.MapReduceLauncher - Processing aliases B,C,E
2016-05-23 10:30:04,973 [main] INFO  org.apache.pig.backend.hadoop.executionengine.mapReduceLayer.MapReduceLauncher - detailed locations: M: B[3,4],C[4,4],C[4,4] C:  R: E[6,4]
2016-05-23 10:30:39,167 [main] INFO  org.apache.pig.backend.hadoop.executionengine.mapReduceLayer.MapReduceLauncher - 38% complete
2016-05-23 10:30:39,167 [main] INFO  org.apache.pig.backend.hadoop.executionengine.mapReduceLayer.MapReduceLauncher - Running jobs are [job_1461575288518_0121]
2016-05-23 10:30:57,202 [main] INFO  org.apache.pig.backend.hadoop.executionengine.mapReduceLayer.MapReduceLauncher - 43% complete
2016-05-23 10:30:57,203 [main] INFO  org.apache.pig.backend.hadoop.executionengine.mapReduceLayer.MapReduceLauncher - Running jobs are [job_1461575288518_0121]
2016-05-23 10:31:12,228 [main] INFO  org.apache.pig.backend.hadoop.executionengine.mapReduceLayer.MapReduceLauncher - 48% complete
2016-05-23 10:31:12,229 [main] INFO  org.apache.pig.backend.hadoop.executionengine.mapReduceLayer.MapReduceLauncher - Running jobs are [job_1461575288518_0121]
2016-05-23 10:31:24,247 [main] INFO  org.apache.pig.backend.hadoop.executionengine.mapReduceLayer.MapReduceLauncher - 61% complete
2016-05-23 10:31:24,248 [main] INFO  org.apache.pig.backend.hadoop.executionengine.mapReduceLayer.MapReduceLauncher - Running jobs are [job_1461575288518_0121]
2016-05-23 10:32:32,359 [main] INFO  org.apache.pig.backend.hadoop.executionengine.mapReduceLayer.MapReduceLauncher - 65% complete
2016-05-23 10:32:32,360 [main] INFO  org.apache.pig.backend.hadoop.executionengine.mapReduceLayer.MapReduceLauncher - Running jobs are [job_1461575288518_0121]
2016-05-23 10:32:59,931 [main] INFO  org.apache.hadoop.yarn.client.RMProxy - Connecting to ResourceManager at cluster-1-m/10.132.0.2:8032
2016-05-23 10:32:59,952 [main] INFO  org.apache.hadoop.mapred.ClientServiceDelegate - Application state is completed. FinalApplicationStatus=SUCCEEDED. Redirecting to job history server
2016-05-23 10:33:00,133 [main] INFO  org.apache.hadoop.yarn.client.RMProxy - Connecting to ResourceManager at cluster-1-m/10.132.0.2:8032
2016-05-23 10:33:00,147 [main] INFO  org.apache.hadoop.mapred.ClientServiceDelegate - Application state is completed. FinalApplicationStatus=SUCCEEDED. Redirecting to job history server
2016-05-23 10:33:00,296 [main] INFO  org.apache.hadoop.yarn.client.RMProxy - Connecting to ResourceManager at cluster-1-m/10.132.0.2:8032
2016-05-23 10:33:00,304 [main] INFO  org.apache.hadoop.mapred.ClientServiceDelegate - Application state is completed. FinalApplicationStatus=SUCCEEDED. Redirecting to job history server
2016-05-23 10:33:00,374 [main] INFO  org.apache.pig.tools.pigstats.mapreduce.MRScriptState - Pig script settings are added to the job
2016-05-23 10:33:00,375 [main] INFO  org.apache.pig.backend.hadoop.executionengine.mapReduceLayer.JobControlCompiler - mapred.job.reduce.markreset.buffer.percent is not set, set to default 0.3
2016-05-23 10:33:00,376 [main] INFO  org.apache.pig.backend.hadoop.executionengine.mapReduceLayer.JobControlCompiler - Reduce phase detected, estimating # of required reducers.
2016-05-23 10:33:00,378 [main] INFO  org.apache.pig.backend.hadoop.executionengine.mapReduceLayer.JobControlCompiler - Using reducer estimator: org.apache.pig.backend.hadoop.executionengine.mapReduceLayer.InputSizeReducerEstimator
2016-05-23 10:33:00,401 [main] INFO  org.apache.pig.backend.hadoop.executionengine.mapReduceLayer.InputSizeReducerEstimator - BytesPerReducer=1000000000 maxReducers=999 totalInputFileSize=911796263
2016-05-23 10:33:00,401 [main] INFO  org.apache.pig.backend.hadoop.executionengine.mapReduceLayer.JobControlCompiler - Setting Parallelism to 1
2016-05-23 10:33:00,401 [main] INFO  org.apache.pig.backend.hadoop.executionengine.mapReduceLayer.JobControlCompiler - This job cannot be converted run in-process
2016-05-23 10:33:00,882 [main] INFO  org.apache.pig.backend.hadoop.executionengine.mapReduceLayer.JobControlCompiler - Added jar file:/usr/lib/pig/pig-0.15.0-core-h2.jar to DistributedCache through /tmp/temp-1977026718/tmp-843949519/pig-0.15.0-core-h2.jar
2016-05-23 10:33:00,918 [main] INFO  org.apache.pig.backend.hadoop.executionengine.mapReduceLayer.JobControlCompiler - Added jar file:/usr/lib/pig/lib/automaton-1.11-8.jar to DistributedCache through /tmp/temp-1977026718/tmp1047218616/automaton-1.11-8.jar
2016-05-23 10:33:00,952 [main] INFO  org.apache.pig.backend.hadoop.executionengine.mapReduceLayer.JobControlCompiler - Added jar file:/usr/lib/pig/lib/antlr-runtime-3.4.jar to DistributedCache through /tmp/temp-1977026718/tmp1209296009/antlr-runtime-3.4.jar
2016-05-23 10:33:00,998 [main] INFO  org.apache.pig.backend.hadoop.executionengine.mapReduceLayer.JobControlCompiler - Added jar file:/usr/lib/hadoop-mapreduce/joda-time-2.9.2.jar to DistributedCache through /tmp/temp-1977026718/tmp-2088023566/joda-time-2.9.2.jar
2016-05-23 10:33:01,017 [main] INFO  org.apache.pig.backend.hadoop.executionengine.mapReduceLayer.JobControlCompiler - Setting up single store job
2016-05-23 10:33:01,020 [main] INFO  org.apache.pig.data.SchemaTupleFrontend - Key [pig.schematuple] is false, will not generate code.
2016-05-23 10:33:01,021 [main] INFO  org.apache.pig.data.SchemaTupleFrontend - Starting process to move generated code to distributed cacche
2016-05-23 10:33:01,021 [main] INFO  org.apache.pig.data.SchemaTupleFrontend - Setting key [pig.schematuple.classes] with classes to deserialize []
2016-05-23 10:33:01,052 [main] INFO  org.apache.pig.backend.hadoop.executionengine.mapReduceLayer.MapReduceLauncher - 1 map-reduce job(s) waiting for submission.
2016-05-23 10:33:01,078 [JobControl] INFO  org.apache.hadoop.yarn.client.RMProxy - Connecting to ResourceManager at cluster-1-m/10.132.0.2:8032
2016-05-23 10:33:01,106 [JobControl] INFO  org.apache.hadoop.conf.Configuration.deprecation - fs.default.name is deprecated. Instead, use fs.defaultFS
2016-05-23 10:33:01,120 [JobControl] WARN  org.apache.hadoop.mapreduce.JobResourceUploader - No job jar file set.  User classes may not be found. See Job or Job#setJar(String).
2016-05-23 10:33:01,179 [JobControl] INFO  org.apache.hadoop.mapreduce.lib.input.FileInputFormat - Total input paths to process : 1
2016-05-23 10:33:01,179 [JobControl] INFO  org.apache.pig.backend.hadoop.executionengine.util.MapRedUtil - Total input paths to process : 1
2016-05-23 10:33:01,179 [JobControl] INFO  org.apache.pig.backend.hadoop.executionengine.util.MapRedUtil - Total input paths (combined) to process : 1
2016-05-23 10:33:01,213 [JobControl] INFO  org.apache.hadoop.mapreduce.lib.input.FileInputFormat - Total input paths to process : 1
2016-05-23 10:33:01,213 [JobControl] INFO  org.apache.pig.backend.hadoop.executionengine.util.MapRedUtil - Total input paths to process : 1
2016-05-23 10:33:01,213 [JobControl] INFO  org.apache.pig.backend.hadoop.executionengine.util.MapRedUtil - Total input paths (combined) to process : 7
2016-05-23 10:33:01,286 [JobControl] INFO  org.apache.hadoop.mapreduce.JobSubmitter - number of splits:8
2016-05-23 10:33:01,366 [JobControl] INFO  org.apache.hadoop.mapreduce.JobSubmitter - Submitting tokens for job: job_1461575288518_0122
2016-05-23 10:33:01,369 [JobControl] INFO  org.apache.hadoop.mapred.YARNRunner - Job jar is not present. Not adding any jar to the list of resources.
2016-05-23 10:33:01,416 [JobControl] INFO  org.apache.hadoop.yarn.client.api.impl.YarnClientImpl - Submitted application application_1461575288518_0122
2016-05-23 10:33:01,426 [JobControl] INFO  org.apache.hadoop.mapreduce.Job - The url to track the job: http://cluster-1-m:8088/proxy/application_1461575288518_0122/
2016-05-23 10:33:01,569 [main] INFO  org.apache.pig.backend.hadoop.executionengine.mapReduceLayer.MapReduceLauncher - HadoopJobId: job_1461575288518_0122
2016-05-23 10:33:01,569 [main] INFO  org.apache.pig.backend.hadoop.executionengine.mapReduceLayer.MapReduceLauncher - Processing aliases 1-1,ANS,G,X,dX
2016-05-23 10:33:01,569 [main] INFO  org.apache.pig.backend.hadoop.executionengine.mapReduceLayer.MapReduceLauncher - detailed locations: M: X[9,4],G[11,4] C:  R: ANS[13,6],1-1[15,15],dX[15,6]
2016-05-23 10:34:03,682 [main] INFO  org.apache.pig.backend.hadoop.executionengine.mapReduceLayer.MapReduceLauncher - 69% complete
2016-05-23 10:34:03,683 [main] INFO  org.apache.pig.backend.hadoop.executionengine.mapReduceLayer.MapReduceLauncher - Running jobs are [job_1461575288518_0122]
2016-05-23 10:35:23,806 [main] INFO  org.apache.pig.backend.hadoop.executionengine.mapReduceLayer.MapReduceLauncher - 73% complete
2016-05-23 10:35:23,807 [main] INFO  org.apache.pig.backend.hadoop.executionengine.mapReduceLayer.MapReduceLauncher - Running jobs are [job_1461575288518_0122]
2016-05-23 10:36:38,932 [main] INFO  org.apache.pig.backend.hadoop.executionengine.mapReduceLayer.MapReduceLauncher - 77% complete
2016-05-23 10:36:38,932 [main] INFO  org.apache.pig.backend.hadoop.executionengine.mapReduceLayer.MapReduceLauncher - Running jobs are [job_1461575288518_0122]
2016-05-23 10:37:44,031 [main] INFO  org.apache.pig.backend.hadoop.executionengine.mapReduceLayer.MapReduceLauncher - 82% complete
2016-05-23 10:37:44,032 [main] INFO  org.apache.pig.backend.hadoop.executionengine.mapReduceLayer.MapReduceLauncher - Running jobs are [job_1461575288518_0122]
2016-05-23 10:37:59,052 [main] INFO  org.apache.pig.backend.hadoop.executionengine.mapReduceLayer.MapReduceLauncher - 89% complete
2016-05-23 10:37:59,052 [main] INFO  org.apache.pig.backend.hadoop.executionengine.mapReduceLayer.MapReduceLauncher - Running jobs are [job_1461575288518_0122]
2016-05-23 10:38:21,094 [main] INFO  org.apache.pig.backend.hadoop.executionengine.mapReduceLayer.MapReduceLauncher - 93% complete
2016-05-23 10:38:21,094 [main] INFO  org.apache.pig.backend.hadoop.executionengine.mapReduceLayer.MapReduceLauncher - Running jobs are [job_1461575288518_0122]
2016-05-23 10:40:14,260 [main] INFO  org.apache.pig.backend.hadoop.executionengine.mapReduceLayer.MapReduceLauncher - 97% complete
2016-05-23 10:40:14,261 [main] INFO  org.apache.pig.backend.hadoop.executionengine.mapReduceLayer.MapReduceLauncher - Running jobs are [job_1461575288518_0122]
2016-05-23 10:41:32,405 [main] INFO  org.apache.hadoop.yarn.client.RMProxy - Connecting to ResourceManager at cluster-1-m/10.132.0.2:8032
2016-05-23 10:41:32,437 [main] INFO  org.apache.hadoop.mapred.ClientServiceDelegate - Application state is completed. FinalApplicationStatus=SUCCEEDED. Redirecting to job history server
2016-05-23 10:41:32,707 [main] INFO  org.apache.hadoop.yarn.client.RMProxy - Connecting to ResourceManager at cluster-1-m/10.132.0.2:8032
2016-05-23 10:41:32,720 [main] INFO  org.apache.hadoop.mapred.ClientServiceDelegate - Application state is completed. FinalApplicationStatus=SUCCEEDED. Redirecting to job history server
2016-05-23 10:41:32,848 [main] INFO  org.apache.hadoop.yarn.client.RMProxy - Connecting to ResourceManager at cluster-1-m/10.132.0.2:8032
2016-05-23 10:41:32,859 [main] INFO  org.apache.hadoop.mapred.ClientServiceDelegate - Application state is completed. FinalApplicationStatus=SUCCEEDED. Redirecting to job history server
2016-05-23 10:41:32,957 [main] INFO  org.apache.pig.backend.hadoop.executionengine.mapReduceLayer.MapReduceLauncher - 100% complete
2016-05-23 10:41:33,010 [main] INFO  org.apache.pig.tools.pigstats.mapreduce.SimplePigStats - Script Statistics: 

HadoopVersion   PigVersion  UserId  StartedAt   FinishedAt  Features
2.7.2   0.15.0  webapp4 2016-05-23 10:29:29 2016-05-23 10:41:33 HASH_JOIN,GROUP_BY,UNION

Success!

Job Stats (time in seconds):
JobId   Maps    Reduces MaxMapTime  MinMapTime  AvgMapTime  MedianMapTime   MaxReduceTime   MinReduceTime   AvgReduceTime   MedianReducetime    Alias   Feature Outputs
job_1461575288518_0120  1   0   14  14  14  14  0   0   0   0   A   MAP_ONLY    
job_1461575288518_0121  2   1   26  25  26  26  100 100 100 100 B,C,E   HASH_JOIN   
job_1461575288518_0122  8   1   38  13  32  37  218 218 218 218 1-1,ANS,G,X,dX  GROUP_BY,DISTINCT   hdfs://cluster-1-m:8020/user/webapp4/FOFoutput_pig,

Input(s):
Successfully read 5105039 records (75380295 bytes) from: "/user/webapp4/input"

Output(s):
Successfully stored 739454 records (280367561 bytes) in: "hdfs://cluster-1-m:8020/user/webapp4/FOFoutput_pig"

Counters:
Total records written : 739454
Total bytes written : 280367561
Spillable Memory Manager spill count : 0
Total bags proactively spilled: 0
Total records proactively spilled: 0

Job DAG:
job_1461575288518_0120  ->  job_1461575288518_0121,job_1461575288518_0122,
job_1461575288518_0121  ->  job_1461575288518_0122,
job_1461575288518_0122


2016-05-23 10:41:33,021 [main] INFO  org.apache.hadoop.yarn.client.RMProxy - Connecting to ResourceManager at cluster-1-m/10.132.0.2:8032
2016-05-23 10:41:33,028 [main] INFO  org.apache.hadoop.mapred.ClientServiceDelegate - Application state is completed. FinalApplicationStatus=SUCCEEDED. Redirecting to job history server
2016-05-23 10:41:33,112 [main] INFO  org.apache.hadoop.yarn.client.RMProxy - Connecting to ResourceManager at cluster-1-m/10.132.0.2:8032
2016-05-23 10:41:33,125 [main] INFO  org.apache.hadoop.mapred.ClientServiceDelegate - Application state is completed. FinalApplicationStatus=SUCCEEDED. Redirecting to job history server
2016-05-23 10:41:33,199 [main] INFO  org.apache.hadoop.yarn.client.RMProxy - Connecting to ResourceManager at cluster-1-m/10.132.0.2:8032
2016-05-23 10:41:33,208 [main] INFO  org.apache.hadoop.mapred.ClientServiceDelegate - Application state is completed. FinalApplicationStatus=SUCCEEDED. Redirecting to job history server
2016-05-23 10:41:33,287 [main] INFO  org.apache.hadoop.yarn.client.RMProxy - Connecting to ResourceManager at cluster-1-m/10.132.0.2:8032
2016-05-23 10:41:33,291 [main] INFO  org.apache.hadoop.mapred.ClientServiceDelegate - Application state is completed. FinalApplicationStatus=SUCCEEDED. Redirecting to job history server
2016-05-23 10:41:33,345 [main] INFO  org.apache.hadoop.yarn.client.RMProxy - Connecting to ResourceManager at cluster-1-m/10.132.0.2:8032
2016-05-23 10:41:33,351 [main] INFO  org.apache.hadoop.mapred.ClientServiceDelegate - Application state is completed. FinalApplicationStatus=SUCCEEDED. Redirecting to job history server
2016-05-23 10:41:33,402 [main] INFO  org.apache.hadoop.yarn.client.RMProxy - Connecting to ResourceManager at cluster-1-m/10.132.0.2:8032
2016-05-23 10:41:33,407 [main] INFO  org.apache.hadoop.mapred.ClientServiceDelegate - Application state is completed. FinalApplicationStatus=SUCCEEDED. Redirecting to job history server
2016-05-23 10:41:33,508 [main] INFO  org.apache.hadoop.yarn.client.RMProxy - Connecting to ResourceManager at cluster-1-m/10.132.0.2:8032
2016-05-23 10:41:33,518 [main] INFO  org.apache.hadoop.mapred.ClientServiceDelegate - Application state is completed. FinalApplicationStatus=SUCCEEDED. Redirecting to job history server
2016-05-23 10:41:33,638 [main] INFO  org.apache.hadoop.yarn.client.RMProxy - Connecting to ResourceManager at cluster-1-m/10.132.0.2:8032
2016-05-23 10:41:33,651 [main] INFO  org.apache.hadoop.mapred.ClientServiceDelegate - Application state is completed. FinalApplicationStatus=SUCCEEDED. Redirecting to job history server
2016-05-23 10:41:33,799 [main] INFO  org.apache.hadoop.yarn.client.RMProxy - Connecting to ResourceManager at cluster-1-m/10.132.0.2:8032
2016-05-23 10:41:33,812 [main] INFO  org.apache.hadoop.mapred.ClientServiceDelegate - Application state is completed. FinalApplicationStatus=SUCCEEDED. Redirecting to job history server
2016-05-23 10:41:33,923 [main] INFO  org.apache.pig.backend.hadoop.executionengine.mapReduceLayer.MapReduceLauncher - Success!
2016-05-23 10:41:33,975 [main] INFO  org.apache.pig.Main - Pig script completed in 12 minutes, 9 seconds and 213 milliseconds (729213 ms)

real    12m11.228s
user    0m14.968s
sys     0m0.816s
